[13:35:46] [ServerMain/INFO]: Environment: Environment[sessionHost=https://sessionserver.mojang.com, servicesHost=https://api.minecraftservices.com, name=PROD]
[13:35:47] [ServerMain/INFO]: Loaded 1174 recipes
[13:35:48] [ServerMain/INFO]: Loaded 1271 advancements
[13:35:48] [Server thread/INFO]: Starting minecraft server version 1.20.4
[13:35:48] [Server thread/INFO]: Loading properties
[13:35:48] [Server thread/INFO]: This server is running Paper version git-Paper-409 (MC: 1.20.4) (Implementing API version 1.20.4-R0.1-SNAPSHOT) (Git: 9e171ef)
[13:35:49] [Server thread/INFO]: Server Ping Player Sample Count: 12
[13:35:49] [Server thread/INFO]: Using 4 threads for Netty based IO
[13:35:49] [Server thread/WARN]: [!] The timings profiler has been enabled but has been scheduled for removal from Paper in the future.
    We recommend installing the spark profiler as a replacement: https://spark.lucko.me/
    For more information please visit: https://github.com/PaperMC/Paper/issues/8948
[13:35:49] [Server thread/INFO]: [ChunkTaskScheduler] Chunk system is using 1 I/O threads, 4 worker threads, and gen parallelism of 4 threads
[13:35:49] [Server thread/INFO]: Default game type: SURVIVAL
[13:35:49] [Server thread/INFO]: Generating keypair
[13:35:49] [Server thread/INFO]: Starting Minecraft server on *:25565
[13:35:49] [Server thread/INFO]: Using default channel type
[13:35:49] [Server thread/INFO]: Paper: Using Java compression from Velocity.
[13:35:49] [Server thread/INFO]: Paper: Using Java cipher from Velocity.
[13:35:49] [Server thread/WARN]: [org.bukkit.craftbukkit.v1_20_R3.legacy.CraftLegacy] Initializing Legacy Material Support. Unless you have legacy plugins and/or data this is a bug!
[13:35:51] [Server thread/WARN]: Legacy plugin PlayTime v3.6 does not specify an api-version.
[13:35:51] [Server thread/INFO]: [PlaceholderAPI] Loading server plugin PlaceholderAPI v2.11.5
[13:35:51] [Server thread/INFO]: [TAB] Loading server plugin TAB v4.1.2
[13:35:51] [Server thread/INFO]: [sleep-most] Loading server plugin sleep-most v5.4.0
[13:35:51] [Server thread/INFO]: [PlayTime] Loading server plugin PlayTime v3.6
[13:35:51] [Server thread/INFO]: [dynmap] Loading server plugin dynmap v3.7-beta-4-935
[13:35:51] [Server thread/INFO]: [dynmap] version=git-Paper-409 (MC: 1.20.4)
[13:35:51] [Server thread/INFO]: [dynmap] Mod Support API available
[13:35:51] [Server thread/INFO]: Server permissions file permissions.yml is empty, ignoring it
[13:35:51] [Server thread/INFO]: Preparing level "world"
[13:35:52] [Server thread/INFO]: Preparing start region for dimension minecraft:overworld
[13:35:53] [Server thread/INFO]: Time elapsed: 957 ms
[13:35:53] [Server thread/INFO]: Preparing start region for dimension minecraft:the_nether
[13:35:53] [Server thread/INFO]: Time elapsed: 60 ms
[13:35:53] [Server thread/INFO]: Preparing start region for dimension minecraft:the_end
[13:35:53] [Server thread/INFO]: Time elapsed: 30 ms
[13:35:53] [Server thread/INFO]: [PlaceholderAPI] Enabling PlaceholderAPI v2.11.5
[13:35:53] [Server thread/INFO]: [PlaceholderAPI] Fetching available expansion information...
[13:35:53] [Server thread/INFO]: [TAB] Enabling TAB v4.1.2
[13:35:53] [Server thread/INFO]: [PlaceholderAPI] Successfully registered internal expansion: tab [4.1.2]
[13:35:54] [Server thread/INFO]: [TAB] Enabled in 226ms
[13:35:54] [Server thread/INFO]: [sleep-most] Enabling sleep-most v5.4.0
[13:35:54] [Server thread/INFO]: Hooked to PlaceholderAPI
[13:35:54] [Server thread/INFO]: [sleep-most] Hooked to PAPI!
[13:35:54] [Server thread/INFO]: [PlaceholderAPI] Successfully registered internal expansion: sleepmost [5.4.0]
[13:35:54] [Server thread/INFO]: [PlayTime] Enabling PlayTime v3.6*
[13:35:54] [Server thread/INFO]: [PlayTime] PlaceholderAPI was found! Registering Placeholders.
[13:35:54] [Server thread/INFO]: [PlaceholderAPI] Successfully registered internal expansion: playtime [3.6]
[13:35:54] [Server thread/INFO]: [dynmap] Enabling dynmap v3.7-beta-4-935
[13:35:54] [Server thread/INFO]: [dynmap] Added 20 custom biome mappings
[13:35:54] [Server thread/INFO]: [dynmap] Using Bukkit Permissions (superperms) for access control
[13:35:54] [Server thread/INFO]: [dynmap] Web interface permissions only available for online users
[13:35:54] [Server thread/INFO]: [dynmap] Mod Support processing completed
[13:35:56] [Server thread/INFO]: [dynmap] Loaded 27 shaders.
[13:35:56] [Server thread/INFO]: [dynmap] Loaded 83 perspectives.
[13:35:56] [Server thread/INFO]: [dynmap] Loaded 22 lightings.
[13:35:56] [Server thread/INFO]: [dynmap] Starting enter/exit processing
[13:35:56] [Dynmap Render Thread/INFO]: [dynmap] Finish marker initialization
[13:35:56] [Server thread/INFO]: [dynmap] Web server started on address 0.0.0.0:25568
[13:35:56] [Server thread/INFO]: [dynmap] version 3.7-beta-4-935 is enabled - core version 3.7-beta-4-935
[13:35:56] [Server thread/INFO]: [dynmap] For support, visit our Discord at https://discord.gg/s3rd5qn
[13:35:56] [Server thread/INFO]: [dynmap] For news, visit https://reddit.com/r/Dynmap or follow https://universeodon.com/@dynmap
[13:35:56] [Server thread/INFO]: [dynmap] To report or track bugs, visit https://github.com/webbukkit/dynmap/issues
[13:35:56] [Server thread/INFO]: [dynmap] If you'd like to donate, please visit https://www.patreon.com/dynmap or https://ko-fi.com/michaelprimm
[13:35:56] [Server thread/INFO]: [dynmap] Loaded 3 maps of world 'world'.
[13:35:56] [Server thread/INFO]: [dynmap] Loaded 58973 pending tile renders for world 'world'
[13:35:56] [Server thread/INFO]: [dynmap] Loaded 2 maps of world 'world_nether'.
[13:35:56] [Server thread/INFO]: [dynmap] Loaded 2 maps of world 'world_the_end'.
[13:35:56] [Server thread/INFO]: [dynmap] Enabled
[13:35:56] [Server thread/INFO]: [PlaceholderAPI] Placeholder expansion registration initializing...
[13:35:56] [Server thread/INFO]: Running delayed init tasks
[13:35:56] [Server thread/INFO]: 0 placeholder hook(s) registered!
[13:35:56] [Server thread/INFO]: Done (8.709s)! For help, type "help"
[13:35:56] [Server thread/INFO]: Timings Reset
[13:35:57] [Craft Scheduler Thread - 2 - PlayTime/INFO]: [PlayTime] Latest version is installed! - v3.6
[13:35:57] [Dynmap Render Thread/INFO]: [dynmap] Loading default resource pack
[13:45:01] [Server thread/INFO]: Whitelist is now turned on
[13:45:44] [Server thread/INFO]: Added JottGi to the whitelist
[13:45:55] [User Authenticator #0/INFO]: UUID of player boovilletorreto is e8fbf36c-56a0-4fcf-bcaa-a5886f7529fd
[13:45:56] [Server thread/INFO]: boovilletorreto joined the game
[13:45:56] [Server thread/INFO]: boovilletorreto[/127.0.0.1:53690] logged in with entity id 92 at ([world]8909.354457138747, 64.5, 2384.745592986567)
[13:46:07] [Server thread/INFO]: Added boovilletorreto to the whitelist
[13:46:09] [Server thread/INFO]: There are 1 of a max of 2 players online: boovilletorreto
[13:46:12] [Server thread/INFO]: Unknown or incomplete command, see below for error
whitelist<--[HERE]
[13:46:14] [Server thread/INFO]: There are 2 whitelisted player(s): JottGi, boovilletorreto
[13:48:16] [Server thread/INFO]: boovilletorreto issued server command: /tp 1200 80 300
[13:48:16] [Server thread/INFO]: [boovilletorreto: Teleported boovilletorreto to 1200.500000, 80.000000, 300.500000]
[13:48:16] [Server thread/WARN]: boovilletorreto moved too quickly! -7715.509949592502,13.0,-2084.3055231791955
[13:54:08] [Server thread/INFO]: boovilletorreto issued server command: /whitelist OntarioEnjoyer
[13:54:10] [Server thread/INFO]: boovilletorreto issued server command: /whitelist OntarioEnjoyer
[13:54:18] [Server thread/INFO]: boovilletorreto issued server command: /whitelist add OntarioEnjoyer
[13:54:18] [Server thread/INFO]: [boovilletorreto: Added OntarioEnjoyer to the whitelist]
[14:04:47] [Server thread/INFO]: OntarioEnjoyer (/138.51.89.104:29258) lost connection: Disconnected
[14:05:06] [Server thread/INFO]: OntarioEnjoyer (/138.51.89.104:29352) lost connection: Disconnected
[14:06:57] [User Authenticator #1/INFO]: UUID of player OntarioEnjoyer is ece38175-c9d1-4bab-9a55-0c40198540e5
[14:06:58] [Server thread/INFO]: OntarioEnjoyer joined the game
[14:06:58] [Server thread/INFO]: OntarioEnjoyer[/138.51.89.104:29363] logged in with entity id 5813 at ([world]217.5, 67.0, 132.5)
[14:07:04] [Async Chat Thread - #2/INFO]: <OntarioEnjoyer> ahhh
[14:07:19] [Async Chat Thread - #1/INFO]: <OntarioEnjoyer> op me
[14:07:36] [Server thread/INFO]: boovilletorreto issued server command: /op OntarioEnjoyer
[14:07:36] [Server thread/INFO]: [boovilletorreto: Made OntarioEnjoyer a server operator]
[14:07:44] [Server thread/INFO]: OntarioEnjoyer issued server command: /tp OntarioEnjoyer boovilletorreto
[14:07:44] [Server thread/INFO]: OntarioEnjoyer has made the advancement [We Need to Go Deeper]
[14:07:44] [Server thread/INFO]: [OntarioEnjoyer: Teleported OntarioEnjoyer to boovilletorreto]
[14:07:44] [Server thread/INFO]: OntarioEnjoyer has made the advancement [A Terrible Fortress]
[14:07:47] [Async Chat Thread - #2/INFO]: <OntarioEnjoyer> IM GOING TO KILL YOU
[14:07:57] [Async Chat Thread - #1/INFO]: <boovilletorreto> why
[14:08:17] [Async Chat Thread - #2/INFO]: <OntarioEnjoyer> are you getting wither skulls
[14:08:22] [Async Chat Thread - #1/INFO]: <boovilletorreto> yup
[14:08:24] [Async Chat Thread - #2/INFO]: <OntarioEnjoyer> lmao
[14:08:26] [Async Chat Thread - #1/INFO]: <OntarioEnjoyer> im in stats lecture rn
[14:08:33] [Server thread/INFO]: OntarioEnjoyer was doomed to fall
[14:08:34] [Async Chat Thread - #2/INFO]: <boovilletorreto> lmao
[14:12:09] [Async Chat Thread - #3/INFO]: <OntarioEnjoyer> Wow! I wish I could join on my main!
[14:12:15] [Async Chat Thread - #4/INFO]: <OntarioEnjoyer> can you send the tp to the home
[14:12:18] [Async Chat Thread - #3/INFO]: <OntarioEnjoyer> the village one
[14:12:23] [Server thread/INFO]: OntarioEnjoyer issued server command: /tp OntarioEnjoyer boovilletorreto
[14:12:23] [Server thread/INFO]: [OntarioEnjoyer: Teleported OntarioEnjoyer to boovilletorreto]
[14:12:54] [Server thread/INFO]: boovilletorreto issued server command: /execute in minecraft:overworld run tp OntarioEnjoyer 1200 80 800
[14:12:54] [Server thread/INFO]: [boovilletorreto: Teleported OntarioEnjoyer to 1200.500000, 80.000000, 800.500000]
[14:13:01] [Async Chat Thread - #4/INFO]: <boovilletorreto> long ass tp
[14:13:14] [Async Chat Thread - #3/INFO]: <OntarioEnjoyer> Where tf am I
[14:13:27] [Server thread/INFO]: boovilletorreto issued server command: /execute in minecraft:overworld run tp OntarioEnjoyer 1200 80 300
[14:13:27] [Server thread/INFO]: [boovilletorreto: Teleported OntarioEnjoyer to 1200.500000, 80.000000, 300.500000]
[14:15:06] [Server thread/INFO]: OntarioEnjoyer has made the advancement [Cover Me with Diamonds]
[14:15:26] [Server thread/INFO]: OntarioEnjoyer has made the advancement [Suit Up]
[14:20:24] [Server thread/INFO]: boovilletorreto issued server command: /execute in minecraft:overworld run tp boovilletorreto 1200 80 300
[14:20:24] [Server thread/INFO]: [boovilletorreto: Teleported boovilletorreto to 1200.500000, 80.000000, 300.500000]
[14:20:42] [Server thread/INFO]: OntarioEnjoyer has made the advancement [Isn't It Iron Pick]
[14:20:57] [Server thread/INFO]: OntarioEnjoyer lost connection: Disconnected
[14:20:57] [Server thread/INFO]: OntarioEnjoyer left the game
[14:24:10] [User Authenticator #2/INFO]: UUID of player OntarioEnjoyer is ece38175-c9d1-4bab-9a55-0c40198540e5
[14:24:10] [Server thread/INFO]: OntarioEnjoyer joined the game
[14:24:10] [Server thread/INFO]: OntarioEnjoyer[/138.51.89.104:29426] logged in with entity id 14581 at ([world]1133.1194099485876, 69.0, 294.1099698634996)
[14:24:16] [Async Chat Thread - #6/INFO]: <OntarioEnjoyer> need food
[14:29:32] [Server thread/INFO]: boovilletorreto issued server command: /sm bed
[14:29:32] [Server thread/WARN]: boovilletorreto moved too quickly! 7764.519847450168,-6.0,2054.643136354843
[14:30:39] [Server thread/INFO]: OntarioEnjoyer issued server command: /tp OntarioEnjoyer boovilletorreto
[14:30:39] [Server thread/INFO]: [OntarioEnjoyer: Teleported OntarioEnjoyer to boovilletorreto]
[14:30:39] [Server thread/WARN]: OntarioEnjoyer moved too quickly! 7769.468141630621,-2.375,2068.940590348842
[14:30:47] [Server thread/INFO]: OntarioEnjoyer lost connection: Disconnected
[14:30:47] [Server thread/INFO]: OntarioEnjoyer left the game
[14:32:20] [User Authenticator #3/INFO]: UUID of player OntarioEnjoyer is ece38175-c9d1-4bab-9a55-0c40198540e5
[14:32:20] [Server thread/INFO]: OntarioEnjoyer joined the game
[14:32:20] [Server thread/INFO]: OntarioEnjoyer[/138.51.89.104:29196] logged in with entity id 24446 at ([world]8904.914232716676, 67.5, 2376.089677589861)
[14:32:34] [Async Chat Thread - #8/INFO]: <OntarioEnjoyer> ....
[14:32:46] [Async Chat Thread - #8/INFO]: <OntarioEnjoyer> tp me hope
[14:32:46] [Async Chat Thread - #7/INFO]: <OntarioEnjoyer> pls
[14:32:47] [Async Chat Thread - #8/INFO]: <OntarioEnjoyer> home
[14:32:47] [Async Chat Thread - #7/INFO]: <OntarioEnjoyer> pls
[14:32:51] [Async Chat Thread - #8/INFO]: <OntarioEnjoyer> and need food.
[14:33:19] [Async Chat Thread - #7/INFO]: <boovilletorreto> we need to start work on the creeper farm
[14:33:24] [Async Chat Thread - #7/INFO]: <OntarioEnjoyer> im in leccture
[14:33:31] [Async Chat Thread - #8/INFO]: <boovilletorreto> I don't care
[14:33:34] [Async Chat Thread - #7/INFO]: <boovilletorreto> work slave
[14:33:39] [Server thread/INFO]: OntarioEnjoyer lost connection: Disconnected
[14:33:39] [Server thread/INFO]: OntarioEnjoyer left the game
[14:36:25] [Server thread/INFO]: boovilletorreto lost connection: Disconnected
[14:36:25] [Server thread/INFO]: boovilletorreto left the game
[14:36:30] [Server thread/INFO]: Stopping the server
[14:36:30] [Server thread/INFO]: Stopping server
[14:36:30] [Server thread/INFO]: [dynmap] Disabling dynmap v3.7-beta-4-935
[14:36:30] [Server thread/INFO]: [dynmap] Unloaded 11 components.
[14:36:30] [Server thread/INFO]: [dynmap] Stopping map renderer...
[14:36:30] [Server thread/INFO]: [dynmap] Saved 49505 pending tile renders in world 'world'
[14:36:30] [Server thread/INFO]: [dynmap] Saved 16569 pending tile renders in world 'world_nether'
[14:36:30] [Server thread/INFO]: [dynmap] Disabled
[14:36:30] [Server thread/INFO]: [PlayTime] Disabling PlayTime v3.6
[14:36:30] [Server thread/INFO]: [sleep-most] Disabling sleep-most v5.4.0
[14:36:30] [Server thread/INFO]: [TAB] Disabling TAB v4.1.2
[14:36:30] [Server thread/INFO]: [TAB] Disabled in 1ms
[14:36:30] [Server thread/INFO]: [PlaceholderAPI] Disabling PlaceholderAPI v2.11.5
[14:36:30] [Server thread/INFO]: Saving players
[14:36:30] [Server thread/INFO]: Saving worlds
[14:36:30] [Server thread/INFO]: Saving chunks for level 'ServerLevel[world]'/minecraft:overworld
[14:36:30] [Server thread/INFO]: [ChunkHolderManager] Waiting 60s for chunk system to halt for world 'world'
[14:36:30] [Server thread/INFO]: [ChunkHolderManager] Halted chunk system for world 'world'
[14:36:30] [Server thread/INFO]: [ChunkHolderManager] Saving all chunkholders for world 'world'
[14:36:30] [Server thread/INFO]: [ChunkHolderManager] Saved 209 block chunks, 28 entity chunks, 0 poi chunks in world 'world' in 0.12s
[14:36:30] [Server thread/INFO]: ThreadedAnvilChunkStorage (world): All chunks are saved
[14:36:30] [Server thread/INFO]: Saving chunks for level 'ServerLevel[world_nether]'/minecraft:the_nether
[14:36:30] [Server thread/INFO]: [ChunkHolderManager] Waiting 60s for chunk system to halt for world 'world_nether'
[14:36:30] [Server thread/INFO]: [ChunkHolderManager] Halted chunk system for world 'world_nether'
[14:36:30] [Server thread/INFO]: [ChunkHolderManager] Saving all chunkholders for world 'world_nether'
[14:36:30] [Server thread/INFO]: [ChunkHolderManager] Saved 194 block chunks, 73 entity chunks, 0 poi chunks in world 'world_nether' in 0.21s
[14:36:30] [Server thread/INFO]: ThreadedAnvilChunkStorage (DIM-1): All chunks are saved
[14:36:30] [Server thread/INFO]: Saving chunks for level 'ServerLevel[world_the_end]'/minecraft:the_end
[14:36:30] [Server thread/INFO]: [ChunkHolderManager] Waiting 60s for chunk system to halt for world 'world_the_end'
[14:36:30] [Server thread/INFO]: [ChunkHolderManager] Halted chunk system for world 'world_the_end'
[14:36:30] [Server thread/INFO]: [ChunkHolderManager] Saving all chunkholders for world 'world_the_end'
[14:36:30] [Server thread/INFO]: [ChunkHolderManager] Saved 0 block chunks, 0 entity chunks, 0 poi chunks in world 'world_the_end' in 0.00s
[14:36:30] [Server thread/INFO]: ThreadedAnvilChunkStorage (DIM1): All chunks are saved
[14:36:30] [Server thread/INFO]: ThreadedAnvilChunkStorage: All dimensions are saved
[14:36:30] [Server thread/INFO]: Flushing Chunk IO
[14:36:30] [Server thread/INFO]: Closing Thread Pool
[14:36:30] [Server thread/INFO]: Closing Server
